May 20 2019 02:37:24
{"type":2,"message":"POST Content-Length of 383285307 bytes exceeds the limit of 134217728 bytes","file":"Unknown","line":0}

May 20 2019 02:37:29
{"Number":2,"Message":"filesize(): stat failed for \/opt\/lampp\/htdocs\/z4z\/wp-content\/plugins\/all-in-one-wp-migration\/storage\/k2vobkwa8vdx\/z4zaroorat.com-20180630-105230-927.wpress","File":"\/opt\/lampp\/htdocs\/z4z\/wp-content\/plugins\/all-in-one-wp-migration\/functions.php","Line":233}

May 20 2019 02:37:29
{"Number":2,"Message":"Division by zero","File":"\/opt\/lampp\/htdocs\/z4z\/wp-content\/plugins\/all-in-one-wp-migration\/lib\/model\/import\/class-ai1wm-import-validate.php","Line":67}

May 20 2019 02:37:29
{"Number":2,"Message":"fopen(\/opt\/lampp\/htdocs\/z4z\/wp-content\/plugins\/all-in-one-wp-migration\/storage\/k2vobkwa8vdx\/z4zaroorat.com-20180630-105230-927.wpress): failed to open stream: No such file or directory","File":"\/opt\/lampp\/htdocs\/z4z\/wp-content\/plugins\/all-in-one-wp-migration\/lib\/vendor\/servmask\/archiver\/class-ai1wm-archiver.php","Line":98}

May 20 2019 14:44:50
{"type":2,"message":"POST Content-Length of 471772211 bytes exceeds the limit of 134217728 bytes","file":"Unknown","line":0}

May 20 2019 14:44:55
{"Number":2,"Message":"filesize(): stat failed for \/opt\/lampp\/htdocs\/z4z\/wp-content\/plugins\/all-in-one-wp-migration\/storage\/zadmiriupe14\/z4zaroorat.com-20190424-134913-699 (1).wpress","File":"\/opt\/lampp\/htdocs\/z4z\/wp-content\/plugins\/all-in-one-wp-migration\/functions.php","Line":233}

May 20 2019 14:44:55
{"Number":2,"Message":"Division by zero","File":"\/opt\/lampp\/htdocs\/z4z\/wp-content\/plugins\/all-in-one-wp-migration\/lib\/model\/import\/class-ai1wm-import-validate.php","Line":67}

May 20 2019 14:44:55
{"Number":2,"Message":"fopen(\/opt\/lampp\/htdocs\/z4z\/wp-content\/plugins\/all-in-one-wp-migration\/storage\/zadmiriupe14\/z4zaroorat.com-20190424-134913-699 (1).wpress): failed to open stream: No such file or directory","File":"\/opt\/lampp\/htdocs\/z4z\/wp-content\/plugins\/all-in-one-wp-migration\/lib\/vendor\/servmask\/archiver\/class-ai1wm-archiver.php","Line":98}

May 21 2019 01:49:38
{"type":8,"message":"Use of undefined constant \u2019direct\u2019 - assumed '\u2019direct\u2019'","file":"\/opt\/lampp\/htdocs\/z4z\/wp-config.php","line":39}

May 21 2019 01:49:42
{"type":8,"message":"Use of undefined constant \u2019direct\u2019 - assumed '\u2019direct\u2019'","file":"\/opt\/lampp\/htdocs\/z4z\/wp-config.php","line":39}

May 21 2019 01:49:42
{"Number":2,"Message":"filesize(): stat failed for \/opt\/lampp\/htdocs\/z4z\/wp-content\/plugins\/all-in-one-wp-migration\/storage\/lo2bl4bjhrw0\/z4zaroorat.com-20180630-105230-927.wpress","File":"\/opt\/lampp\/htdocs\/z4z\/wp-content\/plugins\/all-in-one-wp-migration\/functions.php","Line":233}

May 21 2019 01:49:42
{"Number":2,"Message":"Division by zero","File":"\/opt\/lampp\/htdocs\/z4z\/wp-content\/plugins\/all-in-one-wp-migration\/lib\/model\/import\/class-ai1wm-import-validate.php","Line":67}

May 21 2019 01:49:42
{"Number":2,"Message":"fopen(\/opt\/lampp\/htdocs\/z4z\/wp-content\/plugins\/all-in-one-wp-migration\/storage\/lo2bl4bjhrw0\/z4zaroorat.com-20180630-105230-927.wpress): failed to open stream: No such file or directory","File":"\/opt\/lampp\/htdocs\/z4z\/wp-content\/plugins\/all-in-one-wp-migration\/lib\/vendor\/servmask\/archiver\/class-ai1wm-archiver.php","Line":98}

May 21 2019 01:49:42
{"type":8,"message":"Use of undefined constant \u2019direct\u2019 - assumed '\u2019direct\u2019'","file":"\/opt\/lampp\/htdocs\/z4z\/wp-config.php","line":39}

May 21 2019 03:45:38
{"type":8,"message":"Use of undefined constant \u2019direct\u2019 - assumed '\u2019direct\u2019'","file":"\/opt\/lampp\/htdocs\/z4z\/wp-config.php","line":39}

May 21 2019 03:45:39
{"type":8,"message":"Use of undefined constant \u2019direct\u2019 - assumed '\u2019direct\u2019'","file":"\/opt\/lampp\/htdocs\/z4z\/wp-config.php","line":39}

May 21 2019 03:45:39
{"Number":2,"Message":"filesize(): stat failed for \/opt\/lampp\/htdocs\/z4z\/wp-content\/plugins\/all-in-one-wp-migration\/storage\/sccejurhy4bc\/localhost-z4z-20190521-021632-569.wpress","File":"\/opt\/lampp\/htdocs\/z4z\/wp-content\/plugins\/all-in-one-wp-migration\/functions.php","Line":233}

May 21 2019 03:45:39
{"Number":2,"Message":"Division by zero","File":"\/opt\/lampp\/htdocs\/z4z\/wp-content\/plugins\/all-in-one-wp-migration\/lib\/model\/import\/class-ai1wm-import-validate.php","Line":67}

May 21 2019 03:45:39
{"Number":2,"Message":"fopen(\/opt\/lampp\/htdocs\/z4z\/wp-content\/plugins\/all-in-one-wp-migration\/storage\/sccejurhy4bc\/localhost-z4z-20190521-021632-569.wpress): failed to open stream: No such file or directory","File":"\/opt\/lampp\/htdocs\/z4z\/wp-content\/plugins\/all-in-one-wp-migration\/lib\/vendor\/servmask\/archiver\/class-ai1wm-archiver.php","Line":98}

May 21 2019 03:45:39
{"type":8,"message":"Use of undefined constant \u2019direct\u2019 - assumed '\u2019direct\u2019'","file":"\/opt\/lampp\/htdocs\/z4z\/wp-config.php","line":39}

